c:\users\user\desktop\nexusdb\nexusdb\x64\debug\vc143.pdb
c:\users\user\desktop\nexusdb\nexusdb\x64\debug\vc143.idb
c:\users\user\desktop\nexusdb\nexusdb\x64\debug\table.obj
c:\users\user\desktop\nexusdb\nexusdb\x64\debug\storage.obj
c:\users\user\desktop\nexusdb\nexusdb\x64\debug\parser.obj
c:\users\user\desktop\nexusdb\nexusdb\x64\debug\main.obj
c:\users\user\desktop\nexusdb\nexusdb\x64\debug\database.obj
c:\users\user\desktop\nexusdb\nexusdb\x64\debug\nexusdb.pdb
c:\users\user\desktop\nexusdb\nexusdb\x64\debug\nexusdb.tlog\cl.command.1.tlog
c:\users\user\desktop\nexusdb\nexusdb\x64\debug\nexusdb.tlog\cl.read.1.tlog
c:\users\user\desktop\nexusdb\nexusdb\x64\debug\nexusdb.tlog\cl.write.1.tlog
c:\users\user\desktop\nexusdb\nexusdb\x64\debug\nexusdb.tlog\link-cvtres.read.1.tlog
c:\users\user\desktop\nexusdb\nexusdb\x64\debug\nexusdb.tlog\link-cvtres.write.1.tlog
c:\users\user\desktop\nexusdb\nexusdb\x64\debug\nexusdb.tlog\link-rc.read.1.tlog
c:\users\user\desktop\nexusdb\nexusdb\x64\debug\nexusdb.tlog\link-rc.write.1.tlog
c:\users\user\desktop\nexusdb\nexusdb\x64\debug\nexusdb.tlog\link.command.1.tlog
c:\users\user\desktop\nexusdb\nexusdb\x64\debug\nexusdb.tlog\link.read.1.tlog
c:\users\user\desktop\nexusdb\nexusdb\x64\debug\nexusdb.tlog\link.read.2.tlog
c:\users\user\desktop\nexusdb\nexusdb\x64\debug\nexusdb.tlog\link.read.3.tlog
c:\users\user\desktop\nexusdb\nexusdb\x64\debug\nexusdb.tlog\link.read.4.tlog
c:\users\user\desktop\nexusdb\nexusdb\x64\debug\nexusdb.tlog\link.write.1.tlog
